This file contains any messages produced by compilers while
running configure, to aid debugging if configure makes a mistake.

It was created by configure, which was
generated by GNU Autoconf 2.63.  Invocation command line was

  $ ./configure 

## --------- ##
## Platform. ##
## --------- ##

hostname = AVI-NWIL.local
uname -m = x86_64
uname -r = 20.6.0
uname -s = Darwin
uname -v = Darwin Kernel Version 20.6.0: Mon Aug 30 06:12:21 PDT 2021; root:xnu-7195.141.6~3/RELEASE_X86_64

/usr/bin/uname -p = i386
/bin/uname -X     = unknown

/bin/arch              = unknown
/usr/bin/arch -k       = unknown
/usr/convex/getsysinfo = unknown
/usr/bin/hostinfo      = Mach kernel version:
	 Darwin Kernel Version 20.6.0: Mon Aug 30 06:12:21 PDT 2021; root:xnu-7195.141.6~3/RELEASE_X86_64
Kernel configured for up to 12 processors.
6 processors are physically available.
12 processors are logically available.
Processor type: x86_64h (Intel x86-64h Haswell)
Processors active: 0 1 2 3 4 5 6 7 8 9 10 11
Primary memory available: 16.00 gigabytes
Default processor set: 571 tasks, 2314 threads, 12 processors
Load average: 1.84, Mach factor: 10.15
/bin/machine           = unknown
/usr/bin/oslevel       = unknown
/bin/universe          = unknown

PATH: /Users/nicholaswilson/bin
PATH: /usr/local/Cellar/emacs-plus@27/27.1/bin
PATH: /Users/nicholaswilson/.n/bin
PATH: /Users/nicholaswilson/anaconda3/bin
PATH: /Users/nicholaswilson/bin
PATH: /usr/local/Cellar/emacs-plus@27/27.1/bin
PATH: /Users/nicholaswilson/.n/bin
PATH: /Users/nicholaswilson/anaconda3/bin
PATH: /Users/nicholaswilson/bin
PATH: /usr/local/Cellar/emacs-plus@27/27.1/bin
PATH: /Users/nicholaswilson/.n/bin
PATH: /Users/nicholaswilson/anaconda3/bin
PATH: /usr/local/bin
PATH: /usr/bin
PATH: /bin
PATH: /usr/sbin
PATH: /sbin
PATH: /Library/TeX/texbin
PATH: /usr/local/share/dotnet
PATH: ~/.dotnet/tools
PATH: /Library/Apple/usr/bin
PATH: /Library/Frameworks/Mono.framework/Versions/Current/Commands
PATH: /Applications/Wireshark.app/Contents/MacOS
PATH: /Applications/Xamarin Workbooks.app/Contents/SharedSupport/path-bin
PATH: /Users/nicholaswilson/.go/bin
PATH: /usr/local/opt/go/libexec/bin
PATH: /Users/nicholaswilson/Library/Android/sdk/tools
PATH: /Users/nicholaswilson/Library/Android/sdk/platform-tools
PATH: /Users/nicholaswilson/.emacs.d/bin
PATH: /Users/nicholaswilson/.istioctl/bin
PATH: /Users/nicholaswilson/.linkerd2/bin
PATH: /Users/nicholaswilson/.go/bin
PATH: /usr/local/opt/go/libexec/bin
PATH: /Users/nicholaswilson/Library/Android/sdk/tools
PATH: /Users/nicholaswilson/Library/Android/sdk/platform-tools
PATH: /Users/nicholaswilson/.emacs.d/bin
PATH: /Users/nicholaswilson/.istioctl/bin
PATH: /Users/nicholaswilson/.linkerd2/bin
PATH: /Users/nicholaswilson/.go/bin
PATH: /usr/local/opt/go/libexec/bin
PATH: /Users/nicholaswilson/Library/Android/sdk/tools
PATH: /Users/nicholaswilson/Library/Android/sdk/platform-tools
PATH: /Users/nicholaswilson/.emacs.d/bin
PATH: /Users/nicholaswilson/.istioctl/bin
PATH: /Users/nicholaswilson/.linkerd2/bin


## ----------- ##
## Core tests. ##
## ----------- ##

configure:1755: checking for ar
configure:1773: found /usr/bin/ar
configure:1785: result: /usr/bin/ar
configure:1841: checking for gcc
configure:1857: found /usr/bin/gcc
configure:1868: result: gcc
configure:2100: checking for C compiler version
configure:2108: gcc --version >&5
Configured with: --prefix=/Applications/Xcode.app/Contents/Developer/usr --with-gxx-include-dir=/Applications/Xcode.app/Contents/Developer/Platforms/MacOSX.platform/Developer/SDKs/MacOSX.sdk/usr/include/c++/4.2.1
Apple clang version 13.0.0 (clang-1300.0.29.30)
Target: x86_64-apple-darwin20.6.0
Thread model: posix
InstalledDir: /Applications/Xcode.app/Contents/Developer/Toolchains/XcodeDefault.xctoolchain/usr/bin
configure:2112: $? = 0
configure:2119: gcc -v >&5
Configured with: --prefix=/Applications/Xcode.app/Contents/Developer/usr --with-gxx-include-dir=/Applications/Xcode.app/Contents/Developer/Platforms/MacOSX.platform/Developer/SDKs/MacOSX.sdk/usr/include/c++/4.2.1
Apple clang version 13.0.0 (clang-1300.0.29.30)
Target: x86_64-apple-darwin20.6.0
Thread model: posix
InstalledDir: /Applications/Xcode.app/Contents/Developer/Toolchains/XcodeDefault.xctoolchain/usr/bin
configure:2123: $? = 0
configure:2130: gcc -V >&5
clang: error: argument to '-V' is missing (expected 1 value)
clang: error: no input files
configure:2134: $? = 1
configure:2157: checking for C compiler default output file name
configure:2179: gcc    conftest.c  >&5
configure:2183: $? = 0
configure:2221: result: a.out
configure:2240: checking whether the C compiler works
configure:2250: ./a.out
configure:2254: $? = 0
configure:2273: result: yes
configure:2280: checking whether we are cross compiling
configure:2282: result: no
configure:2285: checking for suffix of executables
configure:2292: gcc -o conftest    conftest.c  >&5
configure:2296: $? = 0
configure:2322: result: 
configure:2328: checking for suffix of object files
configure:2354: gcc -c   conftest.c >&5
configure:2358: $? = 0
configure:2383: result: o
configure:2387: checking whether we are using the GNU C compiler
configure:2416: gcc -c   conftest.c >&5
configure:2423: $? = 0
configure:2440: result: yes
configure:2449: checking whether gcc accepts -g
configure:2479: gcc -c -g  conftest.c >&5
configure:2486: $? = 0
configure:2587: result: yes
configure:2604: checking for gcc option to accept ISO C89
configure:2678: gcc  -c -g -O2  conftest.c >&5
configure:2685: $? = 0
configure:2708: result: none needed
configure:2784: checking for g++
configure:2800: found /usr/bin/g++
configure:2811: result: g++
configure:2838: checking for C++ compiler version
configure:2846: g++ --version >&5
Configured with: --prefix=/Applications/Xcode.app/Contents/Developer/usr --with-gxx-include-dir=/Applications/Xcode.app/Contents/Developer/Platforms/MacOSX.platform/Developer/SDKs/MacOSX.sdk/usr/include/c++/4.2.1
Apple clang version 13.0.0 (clang-1300.0.29.30)
Target: x86_64-apple-darwin20.6.0
Thread model: posix
InstalledDir: /Applications/Xcode.app/Contents/Developer/Toolchains/XcodeDefault.xctoolchain/usr/bin
configure:2850: $? = 0
configure:2857: g++ -v >&5
Configured with: --prefix=/Applications/Xcode.app/Contents/Developer/usr --with-gxx-include-dir=/Applications/Xcode.app/Contents/Developer/Platforms/MacOSX.platform/Developer/SDKs/MacOSX.sdk/usr/include/c++/4.2.1
Apple clang version 13.0.0 (clang-1300.0.29.30)
Target: x86_64-apple-darwin20.6.0
Thread model: posix
InstalledDir: /Applications/Xcode.app/Contents/Developer/Toolchains/XcodeDefault.xctoolchain/usr/bin
configure:2861: $? = 0
configure:2868: g++ -V >&5
clang: error: argument to '-V' is missing (expected 1 value)
clang: error: no input files
configure:2872: $? = 1
configure:2875: checking whether we are using the GNU C++ compiler
configure:2904: g++ -c   conftest.cpp >&5
configure:2911: $? = 0
configure:2928: result: yes
configure:2937: checking whether g++ accepts -g
configure:2967: g++ -c -g  conftest.cpp >&5
configure:2974: $? = 0
configure:3075: result: yes
configure:3141: checking for ranlib
configure:3157: found /usr/bin/ranlib
configure:3168: result: ranlib
configure:3235: checking for a BSD-compatible install
configure:3303: result: /usr/bin/install -c
configure:3321: checking build system type
configure:3339: result: i386-apple-darwin20.6.0
configure:3361: checking host system type
configure:3376: result: i386-apple-darwin20.6.0
configure:3521: creating ./config.status

## ---------------------- ##
## Running config.status. ##
## ---------------------- ##

This file was extended by config.status, which was
generated by GNU Autoconf 2.63.  Invocation command line was

  CONFIG_FILES    = 
  CONFIG_HEADERS  = 
  CONFIG_LINKS    = 
  CONFIG_COMMANDS = 
  $ ./config.status 

on AVI-NWIL.local

config.status:725: creating Makefile
config.status:725: creating config.h
config.status:941: config.h is unchanged

## ---------------- ##
## Cache variables. ##
## ---------------- ##

ac_cv_build=i386-apple-darwin20.6.0
ac_cv_c_compiler_gnu=yes
ac_cv_cxx_compiler_gnu=yes
ac_cv_env_CCC_set=
ac_cv_env_CCC_value=
ac_cv_env_CC_set=
ac_cv_env_CC_value=
ac_cv_env_CFLAGS_set=
ac_cv_env_CFLAGS_value=
ac_cv_env_CPPFLAGS_set=
ac_cv_env_CPPFLAGS_value=
ac_cv_env_CXXFLAGS_set=
ac_cv_env_CXXFLAGS_value=
ac_cv_env_CXX_set=
ac_cv_env_CXX_value=
ac_cv_env_LDFLAGS_set=
ac_cv_env_LDFLAGS_value=
ac_cv_env_LIBS_set=
ac_cv_env_LIBS_value=
ac_cv_env_build_alias_set=
ac_cv_env_build_alias_value=
ac_cv_env_host_alias_set=
ac_cv_env_host_alias_value=
ac_cv_env_target_alias_set=
ac_cv_env_target_alias_value=
ac_cv_host=i386-apple-darwin20.6.0
ac_cv_objext=o
ac_cv_path_AR=/usr/bin/ar
ac_cv_path_install='/usr/bin/install -c'
ac_cv_prog_ac_ct_CC=gcc
ac_cv_prog_ac_ct_CXX=g++
ac_cv_prog_ac_ct_RANLIB=ranlib
ac_cv_prog_cc_c89=
ac_cv_prog_cc_g=yes
ac_cv_prog_cxx_g=yes

## ----------------- ##
## Output variables. ##
## ----------------- ##

AR='/usr/bin/ar'
CC='gcc'
CFLAGS='-g -O2'
CPPFLAGS=''
CXX='g++'
CXXFLAGS='-g -O2'
DEFS='-DHAVE_CONFIG_H'
ECHO_C='\c'
ECHO_N=''
ECHO_T=''
EXEEXT=''
INSTALL_DATA='${INSTALL} -m 644'
INSTALL_PROGRAM='${INSTALL}'
INSTALL_SCRIPT='${INSTALL}'
LDFLAGS=''
LIBOBJS=''
LIBS=''
LTLIBOBJS=''
OBJEXT='o'
PACKAGE_BUGREPORT=''
PACKAGE_NAME=''
PACKAGE_STRING=''
PACKAGE_TARNAME=''
PACKAGE_VERSION=''
PATH_SEPARATOR=':'
RANLIB='ranlib'
SHELL='/bin/sh'
ac_ct_CC='gcc'
ac_ct_CXX='g++'
bindir='${exec_prefix}/bin'
build='i386-apple-darwin20.6.0'
build_alias=''
build_cpu='i386'
build_os='darwin20.6.0'
build_vendor='apple'
datadir='${datarootdir}'
datarootdir='${prefix}/share'
docdir='${datarootdir}/doc/${PACKAGE}'
dvidir='${docdir}'
exec_prefix='${prefix}'
host='i386-apple-darwin20.6.0'
host_alias=''
host_cpu='i386'
host_os='darwin20.6.0'
host_vendor='apple'
htmldir='${docdir}'
includedir='${prefix}/include'
infodir='${datarootdir}/info'
libdir='${exec_prefix}/lib'
libexecdir='${exec_prefix}/libexec'
localedir='${datarootdir}/locale'
localstatedir='${prefix}/var'
mandir='${datarootdir}/man'
oldincludedir='/usr/include'
pdfdir='${docdir}'
prefix='/usr/local'
program_transform_name='s,x,x,'
psdir='${docdir}'
sbindir='${exec_prefix}/sbin'
sharedstatedir='${prefix}/com'
sysconfdir='${prefix}/etc'
target_alias=''

## ----------- ##
## confdefs.h. ##
## ----------- ##

#define PACKAGE_NAME ""
#define PACKAGE_TARNAME ""
#define PACKAGE_VERSION ""
#define PACKAGE_STRING ""
#define PACKAGE_BUGREPORT ""

configure: exit 0
